2017-05-24 11:12:04,917 Starting raster2ubergrid.py.
2017-05-24 11:12:06,647 Processing ..\..\data\CRU\generated\yearly\cld2000.tif
2017-05-24 11:12:15,819 Processing ..\..\data\CRU\generated\yearly\cld2001.tif
2017-05-24 11:12:21,759 Processing ..\..\data\CRU\generated\yearly\cld2002.tif
2017-05-24 11:12:28,026 Processing ..\..\data\CRU\generated\yearly\cld2003.tif
2017-05-24 11:12:34,030 Processing ..\..\data\CRU\generated\yearly\cld2004.tif
2017-05-24 11:12:40,053 Processing ..\..\data\CRU\generated\yearly\cld2005.tif
2017-05-24 11:12:46,002 Processing ..\..\data\CRU\generated\yearly\cld2006.tif
2017-05-24 11:12:51,890 Processing ..\..\data\CRU\generated\yearly\cld2007.tif
2017-05-24 11:12:58,088 Processing ..\..\data\CRU\generated\yearly\cld2008.tif
2017-05-24 11:13:03,964 Processing ..\..\data\CRU\generated\yearly\cld2009.tif
2017-05-24 11:13:09,891 Processing ..\..\data\CRU\generated\yearly\cld2010.tif
2017-05-24 11:13:15,730 Processing ..\..\data\CRU\generated\yearly\cld2011.tif
2017-05-24 11:13:22,035 Processing ..\..\data\CRU\generated\yearly\cld2012.tif
2017-05-24 11:13:27,964 Processing ..\..\data\CRU\generated\yearly\cld2013.tif
2017-05-24 11:13:33,865 Processing ..\..\data\CRU\generated\yearly\cld2014.tif
2017-05-24 11:13:39,872 Processing ..\..\data\CRU\generated\yearly\dtr2000.tif
2017-05-24 11:13:45,717 Processing ..\..\data\CRU\generated\yearly\dtr2001.tif
2017-05-24 11:13:51,615 Processing ..\..\data\CRU\generated\yearly\dtr2002.tif
2017-05-24 11:13:57,482 Processing ..\..\data\CRU\generated\yearly\dtr2003.tif
2017-05-24 11:14:03,470 Processing ..\..\data\CRU\generated\yearly\dtr2004.tif
2017-05-24 11:14:09,305 Processing ..\..\data\CRU\generated\yearly\dtr2005.tif
2017-05-24 11:14:16,339 Processing ..\..\data\CRU\generated\yearly\dtr2006.tif
2017-05-24 11:14:22,500 Processing ..\..\data\CRU\generated\yearly\dtr2007.tif
2017-05-24 11:14:28,982 Processing ..\..\data\CRU\generated\yearly\dtr2008.tif
2017-05-24 11:14:34,813 Processing ..\..\data\CRU\generated\yearly\dtr2009.tif
2017-05-24 11:14:40,601 Processing ..\..\data\CRU\generated\yearly\dtr2010.tif
2017-05-24 11:14:46,348 Processing ..\..\data\CRU\generated\yearly\dtr2011.tif
2017-05-24 11:14:52,243 Processing ..\..\data\CRU\generated\yearly\dtr2012.tif
2017-05-24 11:14:58,403 Processing ..\..\data\CRU\generated\yearly\dtr2013.tif
2017-05-24 11:15:04,286 Processing ..\..\data\CRU\generated\yearly\dtr2014.tif
2017-05-24 11:15:10,151 Processing ..\..\data\CRU\generated\yearly\frs2000.tif
2017-05-24 11:15:16,002 Processing ..\..\data\CRU\generated\yearly\frs2001.tif
2017-05-24 11:15:21,713 Processing ..\..\data\CRU\generated\yearly\frs2002.tif
2017-05-24 11:15:27,482 Processing ..\..\data\CRU\generated\yearly\frs2003.tif
2017-05-24 11:15:33,654 Processing ..\..\data\CRU\generated\yearly\frs2004.tif
2017-05-24 11:15:39,523 Processing ..\..\data\CRU\generated\yearly\frs2005.tif
2017-05-24 11:15:45,407 Processing ..\..\data\CRU\generated\yearly\frs2006.tif
2017-05-24 11:15:51,198 Processing ..\..\data\CRU\generated\yearly\frs2007.tif
2017-05-24 11:15:57,378 Processing ..\..\data\CRU\generated\yearly\frs2008.tif
2017-05-24 11:16:03,224 Processing ..\..\data\CRU\generated\yearly\frs2009.tif
2017-05-24 11:16:09,042 Processing ..\..\data\CRU\generated\yearly\frs2010.tif
2017-05-24 11:16:15,101 Processing ..\..\data\CRU\generated\yearly\frs2011.tif
2017-05-24 11:16:21,586 Processing ..\..\data\CRU\generated\yearly\frs2012.tif
2017-05-24 11:16:27,921 Processing ..\..\data\CRU\generated\yearly\frs2013.tif
2017-05-24 11:16:33,726 Processing ..\..\data\CRU\generated\yearly\frs2014.tif
2017-05-24 11:16:39,874 Processing ..\..\data\CRU\generated\yearly\pet2000.tif
2017-05-24 11:16:45,655 Processing ..\..\data\CRU\generated\yearly\pet2001.tif
2017-05-24 11:16:51,421 Processing ..\..\data\CRU\generated\yearly\pet2002.tif
2017-05-24 11:16:57,084 Processing ..\..\data\CRU\generated\yearly\pet2003.tif
2017-05-24 11:17:02,822 Processing ..\..\data\CRU\generated\yearly\pet2004.tif
2017-05-24 11:17:08,487 Processing ..\..\data\CRU\generated\yearly\pet2005.tif
2017-05-24 11:17:14,315 Processing ..\..\data\CRU\generated\yearly\pet2006.tif
2017-05-24 11:17:20,104 Processing ..\..\data\CRU\generated\yearly\pet2007.tif
2017-05-24 11:17:25,750 Processing ..\..\data\CRU\generated\yearly\pet2008.tif
2017-05-24 11:17:32,267 Processing ..\..\data\CRU\generated\yearly\pet2009.tif
2017-05-24 11:17:38,101 Processing ..\..\data\CRU\generated\yearly\pet2010.tif
2017-05-24 11:17:43,809 Processing ..\..\data\CRU\generated\yearly\pet2011.tif
2017-05-24 11:17:49,477 Processing ..\..\data\CRU\generated\yearly\pet2012.tif
2017-05-24 11:17:55,263 Processing ..\..\data\CRU\generated\yearly\pet2013.tif
2017-05-24 11:18:01,216 Processing ..\..\data\CRU\generated\yearly\pet2014.tif
2017-05-24 11:18:06,914 Processing ..\..\data\CRU\generated\yearly\tmn2000.tif
2017-05-24 11:18:12,822 Processing ..\..\data\CRU\generated\yearly\tmn2001.tif
2017-05-24 11:18:18,723 Processing ..\..\data\CRU\generated\yearly\tmn2002.tif
2017-05-24 11:18:24,687 Processing ..\..\data\CRU\generated\yearly\tmn2003.tif
2017-05-24 11:18:31,290 Processing ..\..\data\CRU\generated\yearly\tmn2004.tif
2017-05-24 11:18:37,572 Processing ..\..\data\CRU\generated\yearly\tmn2005.tif
2017-05-24 11:18:43,384 Processing ..\..\data\CRU\generated\yearly\tmn2006.tif
2017-05-24 11:18:49,404 Processing ..\..\data\CRU\generated\yearly\tmn2007.tif
2017-05-24 11:18:55,641 Processing ..\..\data\CRU\generated\yearly\tmn2008.tif
2017-05-24 11:19:01,559 Processing ..\..\data\CRU\generated\yearly\tmn2009.tif
2017-05-24 11:19:07,401 Processing ..\..\data\CRU\generated\yearly\tmn2010.tif
2017-05-24 11:19:13,417 Processing ..\..\data\CRU\generated\yearly\tmn2011.tif
2017-05-24 11:19:19,367 Processing ..\..\data\CRU\generated\yearly\tmn2012.tif
2017-05-24 11:19:25,332 Processing ..\..\data\CRU\generated\yearly\tmn2013.tif
2017-05-24 11:19:31,790 Processing ..\..\data\CRU\generated\yearly\tmn2014.tif
2017-05-24 11:19:39,105 Processing ..\..\data\CRU\generated\yearly\tmp2000.tif
2017-05-24 11:19:45,769 Processing ..\..\data\CRU\generated\yearly\tmp2001.tif
2017-05-24 11:19:51,594 Processing ..\..\data\CRU\generated\yearly\tmp2002.tif
2017-05-24 11:19:57,559 Processing ..\..\data\CRU\generated\yearly\tmp2003.tif
2017-05-24 11:20:03,417 Processing ..\..\data\CRU\generated\yearly\tmp2004.tif
2017-05-24 11:20:09,312 Processing ..\..\data\CRU\generated\yearly\tmp2005.tif
2017-05-24 11:20:15,269 Processing ..\..\data\CRU\generated\yearly\tmp2006.tif
2017-05-24 11:20:21,207 Processing ..\..\data\CRU\generated\yearly\tmp2007.tif
2017-05-24 11:20:27,446 Processing ..\..\data\CRU\generated\yearly\tmp2008.tif
2017-05-24 11:20:33,414 Processing ..\..\data\CRU\generated\yearly\tmp2009.tif
2017-05-24 11:20:39,880 Processing ..\..\data\CRU\generated\yearly\tmp2010.tif
2017-05-24 11:20:45,792 Processing ..\..\data\CRU\generated\yearly\tmp2011.tif
2017-05-24 11:20:51,658 Processing ..\..\data\CRU\generated\yearly\tmp2012.tif
2017-05-24 11:20:57,555 Processing ..\..\data\CRU\generated\yearly\tmp2013.tif
2017-05-24 11:21:03,391 Processing ..\..\data\CRU\generated\yearly\tmp2014.tif
2017-05-24 11:21:09,263 Processing ..\..\data\CRU\generated\yearly\tmx2000.tif
2017-05-24 11:21:15,506 Processing ..\..\data\CRU\generated\yearly\tmx2001.tif
2017-05-24 11:21:21,421 Processing ..\..\data\CRU\generated\yearly\tmx2002.tif
2017-05-24 11:21:27,239 Processing ..\..\data\CRU\generated\yearly\tmx2003.tif
2017-05-24 11:21:33,092 Processing ..\..\data\CRU\generated\yearly\tmx2004.tif
2017-05-24 11:21:39,204 Processing ..\..\data\CRU\generated\yearly\tmx2005.tif
2017-05-24 11:21:45,101 Processing ..\..\data\CRU\generated\yearly\tmx2006.tif
2017-05-24 11:21:50,992 Processing ..\..\data\CRU\generated\yearly\tmx2007.tif
2017-05-24 11:21:56,894 Processing ..\..\data\CRU\generated\yearly\tmx2008.tif
2017-05-24 11:22:02,897 Processing ..\..\data\CRU\generated\yearly\tmx2009.tif
2017-05-24 11:22:09,153 Processing ..\..\data\CRU\generated\yearly\tmx2010.tif
2017-05-24 11:22:15,112 Processing ..\..\data\CRU\generated\yearly\tmx2011.tif
2017-05-24 11:22:21,068 Processing ..\..\data\CRU\generated\yearly\tmx2012.tif
2017-05-24 11:22:26,973 Processing ..\..\data\CRU\generated\yearly\tmx2013.tif
2017-05-24 11:22:32,944 Processing ..\..\data\CRU\generated\yearly\tmx2014.tif
2017-05-24 11:22:38,930 Processing ..\..\data\CRU\generated\yearly\vap2000.tif
2017-05-24 11:22:44,848 Processing ..\..\data\CRU\generated\yearly\vap2001.tif
2017-05-24 11:22:50,710 Processing ..\..\data\CRU\generated\yearly\vap2002.tif
2017-05-24 11:22:56,576 Processing ..\..\data\CRU\generated\yearly\vap2003.tif
2017-05-24 11:23:02,447 Processing ..\..\data\CRU\generated\yearly\vap2004.tif
2017-05-24 11:23:08,346 Processing ..\..\data\CRU\generated\yearly\vap2005.tif
2017-05-24 11:23:14,151 Processing ..\..\data\CRU\generated\yearly\vap2006.tif
2017-05-24 11:23:19,948 Processing ..\..\data\CRU\generated\yearly\vap2007.tif
2017-05-24 11:23:25,733 Processing ..\..\data\CRU\generated\yearly\vap2008.tif
2017-05-24 11:23:31,930 Processing ..\..\data\CRU\generated\yearly\vap2009.tif
2017-05-24 11:23:37,865 Processing ..\..\data\CRU\generated\yearly\vap2010.tif
2017-05-24 11:23:43,677 Processing ..\..\data\CRU\generated\yearly\vap2011.tif
2017-05-24 11:23:49,642 Processing ..\..\data\CRU\generated\yearly\vap2012.tif
2017-05-24 11:23:55,469 Processing ..\..\data\CRU\generated\yearly\vap2013.tif
2017-05-24 11:24:01,329 Processing ..\..\data\CRU\generated\yearly\vap2014.tif
2017-05-24 11:24:07,130 Processing ..\..\data\CRU\generated\yearly\wet2000.tif
2017-05-24 11:24:12,938 Processing ..\..\data\CRU\generated\yearly\wet2001.tif
2017-05-24 11:24:18,845 Processing ..\..\data\CRU\generated\yearly\wet2002.tif
2017-05-24 11:24:24,726 Processing ..\..\data\CRU\generated\yearly\wet2003.tif
2017-05-24 11:24:30,651 Processing ..\..\data\CRU\generated\yearly\wet2004.tif
2017-05-24 11:24:36,463 Processing ..\..\data\CRU\generated\yearly\wet2005.tif
2017-05-24 11:24:42,371 Processing ..\..\data\CRU\generated\yearly\wet2006.tif
2017-05-24 11:24:48,276 Processing ..\..\data\CRU\generated\yearly\wet2007.tif
2017-05-24 11:24:54,329 Processing ..\..\data\CRU\generated\yearly\wet2008.tif
2017-05-24 11:25:00,355 Processing ..\..\data\CRU\generated\yearly\wet2009.tif
2017-05-24 11:25:06,555 Processing ..\..\data\CRU\generated\yearly\wet2010.tif
2017-05-24 11:25:12,479 Processing ..\..\data\CRU\generated\yearly\wet2011.tif
2017-05-24 11:25:18,384 Processing ..\..\data\CRU\generated\yearly\wet2012.tif
2017-05-24 11:25:24,528 Processing ..\..\data\CRU\generated\yearly\wet2013.tif
2017-05-24 11:25:30,344 Processing ..\..\data\CRU\generated\yearly\wet2014.tif
2017-05-24 11:25:36,177 Converted 135 rasters to ubergrids in 13.5142984773 minutes
2017-05-24 11:25:36,177 Done with raster2ubergrid.py.
